  FFmpegVideoDecoderWrapper.cpp
e:\code\project\ffmpegsdk\ffmpegsdk\include\libavutil\rational.h : warning C4819: 该文件包含不能在当前代码页(936)中表示的字符。请将该文件保存为 Unicode 格式以防止数据丢失
FFmpegVideoDecoderWrapper.cpp(471): warning C4018: “>”: 有符号/无符号不匹配
  FFVideoDecAPI.cpp
e:\code\project\ffmpegsdk\ffmpegsdk\libffmpegdec\FFVideoDecAPI.h(61): warning C4251: “CFFVideoDecObj::m_ptFFmpegVidDecWrapper”: class“std::unique_ptr<CFFmpegVideoDecoderWrapper,std::default_delete<_Ty>>”需要有 dll 接口由 class“CFFVideoDecObj”的客户端使用
          with
          [
              _Ty=CFFmpegVideoDecoderWrapper
          ]
  e:\code\project\ffmpegsdk\ffmpegsdk\libffmpegdec\FFVideoDecAPI.h(61): note: 参见“std::unique_ptr<CFFmpegVideoDecoderWrapper,std::default_delete<_Ty>>”的声明
          with
          [
              _Ty=CFFmpegVideoDecoderWrapper
          ]
e:\code\project\ffmpegsdk\ffmpegsdk\include\libavutil\rational.h : warning C4819: 该文件包含不能在当前代码页(936)中表示的字符。请将该文件保存为 Unicode 格式以防止数据丢失
  HWVideoDecoderWrapper.cpp
  SWVideoDecoderWrapper.cpp
    正在创建库 E:\code\project\ffmpegSdk\ffmpegSDK\Release\libffmpegDec.lib 和对象 E:\code\project\ffmpegSdk\ffmpegSDK\Release\libffmpegDec.exp
  正在生成代码
  All 187 functions were compiled because no usable IPDB/IOBJ from previous compilation was found.
  已完成代码的生成
  libffmpegDec.vcxproj -> E:\code\project\ffmpegSdk\ffmpegSDK\Release\libffmpegDec.dll
  libffmpegDec.vcxproj -> E:\code\project\ffmpegSdk\ffmpegSDK\Release\libffmpegDec.pdb (Full PDB)
