e:\code\project\ffmpegsdk\ffmpegsdk\libffmpegsdk\x64\debug\vc140.pdb
e:\code\project\ffmpegsdk\ffmpegsdk\libffmpegsdk\x64\debug\vc140.idb
e:\code\project\ffmpegsdk\ffmpegsdk\libffmpegsdk\x64\debug\ffmpegvidencoderwrapper.obj
e:\code\project\ffmpegsdk\ffmpegsdk\libffmpegsdk\x64\debug\ffmpegvidformatwrapper.obj
e:\code\project\ffmpegsdk\ffmpegsdk\libffmpegsdk\x64\debug\ffvidencoderformatobj.obj
e:\code\project\ffmpegsdk\ffmpegsdk\libffmpegsdk\x64\debug\ffvidencoderinterface.obj
e:\code\project\ffmpegsdk\ffmpegsdk\libffmpegsdk\x64\debug\ffvidencoderobj.obj
e:\code\project\ffmpegsdk\ffmpegsdk\libffmpegsdk\x64\debug\hwvidencoderwrapper.obj
e:\code\project\ffmpegsdk\ffmpegsdk\libffmpegsdk\x64\debug\swvidencoderwrapper.obj
e:\code\project\ffmpegsdk\ffmpegsdk\x64\debug\libffmpegsdk.lib
e:\code\project\ffmpegsdk\ffmpegsdk\x64\debug\libffmpegsdk.exp
e:\code\project\ffmpegsdk\ffmpegsdk\x64\debug\libffmpegsdk.ilk
e:\code\project\ffmpegsdk\ffmpegsdk\x64\debug\libffmpegsdk.dll
e:\code\project\ffmpegsdk\ffmpegsdk\x64\debug\libffmpegsdk.pdb
e:\code\project\ffmpegsdk\ffmpegsdk\libffmpegsdk\x64\debug\libffmpegsdk.tlog\cl.command.1.tlog
e:\code\project\ffmpegsdk\ffmpegsdk\libffmpegsdk\x64\debug\libffmpegsdk.tlog\cl.read.1.tlog
e:\code\project\ffmpegsdk\ffmpegsdk\libffmpegsdk\x64\debug\libffmpegsdk.tlog\cl.write.1.tlog
e:\code\project\ffmpegsdk\ffmpegsdk\libffmpegsdk\x64\debug\libffmpegsdk.tlog\libffmpegsdk.write.1u.tlog
e:\code\project\ffmpegsdk\ffmpegsdk\libffmpegsdk\x64\debug\libffmpegsdk.tlog\link.command.1.tlog
e:\code\project\ffmpegsdk\ffmpegsdk\libffmpegsdk\x64\debug\libffmpegsdk.tlog\link.read.1.tlog
e:\code\project\ffmpegsdk\ffmpegsdk\libffmpegsdk\x64\debug\libffmpegsdk.tlog\link.write.1.tlog
