e:\code\project\ffmpegsdk\ffmpegsdk\libffmpegdec\x64\debug\vc140.pdb
e:\code\project\ffmpegsdk\ffmpegsdk\libffmpegdec\x64\debug\vc140.idb
e:\code\project\ffmpegsdk\ffmpegsdk\libffmpegdec\x64\debug\ffmpegviddecoderwrapper.obj
e:\code\project\ffmpegsdk\ffmpegsdk\libffmpegdec\x64\debug\ffmpegviddevdatawrapper.obj
e:\code\project\ffmpegsdk\ffmpegsdk\libffmpegdec\x64\debug\ffmpegvidrawdatawrapper.obj
e:\code\project\ffmpegsdk\ffmpegsdk\libffmpegdec\x64\debug\ffmpegvidformatdatawrapper.obj
e:\code\project\ffmpegsdk\ffmpegsdk\libffmpegdec\x64\debug\ffviddatadecoderobj.obj
e:\code\project\ffmpegsdk\ffmpegsdk\libffmpegdec\x64\debug\ffviddecoderinterface.obj
e:\code\project\ffmpegsdk\ffmpegsdk\libffmpegdec\x64\debug\ffviddecoderobj.obj
e:\code\project\ffmpegsdk\ffmpegsdk\libffmpegdec\x64\debug\ffviddataobj.obj
e:\code\project\ffmpegsdk\ffmpegsdk\libffmpegdec\x64\debug\hwviddecoderwrapper.obj
e:\code\project\ffmpegsdk\ffmpegsdk\libffmpegdec\x64\debug\swviddecoderwrapper.obj
e:\code\project\ffmpegsdk\ffmpegsdk\x64\debug\libffmpegdec.lib
e:\code\project\ffmpegsdk\ffmpegsdk\x64\debug\libffmpegdec.exp
e:\code\project\ffmpegsdk\ffmpegsdk\x64\debug\libffmpegdec.ilk
e:\code\project\ffmpegsdk\ffmpegsdk\x64\debug\libffmpegdec.dll
e:\code\project\ffmpegsdk\ffmpegsdk\x64\debug\libffmpegdec.pdb
e:\code\project\ffmpegsdk\ffmpegsdk\libffmpegdec\x64\debug\libffmpegdec.tlog\cl.command.1.tlog
e:\code\project\ffmpegsdk\ffmpegsdk\libffmpegdec\x64\debug\libffmpegdec.tlog\cl.read.1.tlog
e:\code\project\ffmpegsdk\ffmpegsdk\libffmpegdec\x64\debug\libffmpegdec.tlog\cl.write.1.tlog
e:\code\project\ffmpegsdk\ffmpegsdk\libffmpegdec\x64\debug\libffmpegdec.tlog\libffmpegdec.write.1u.tlog
e:\code\project\ffmpegsdk\ffmpegsdk\libffmpegdec\x64\debug\libffmpegdec.tlog\link.command.1.tlog
e:\code\project\ffmpegsdk\ffmpegsdk\libffmpegdec\x64\debug\libffmpegdec.tlog\link.read.1.tlog
e:\code\project\ffmpegsdk\ffmpegsdk\libffmpegdec\x64\debug\libffmpegdec.tlog\link.write.1.tlog
