e:\code\project\ffmpegsdk\ffmpegsdk\libffmpegdec\x64\release\vc140.pdb
e:\code\project\ffmpegsdk\ffmpegsdk\libffmpegdec\x64\release\swviddecoderwrapper.obj
e:\code\project\ffmpegsdk\ffmpegsdk\libffmpegdec\x64\release\hwviddecoderwrapper.obj
e:\code\project\ffmpegsdk\ffmpegsdk\libffmpegdec\x64\release\ffviddataobj.obj
e:\code\project\ffmpegsdk\ffmpegsdk\libffmpegdec\x64\release\ffviddecoderobj.obj
e:\code\project\ffmpegsdk\ffmpegsdk\libffmpegdec\x64\release\ffviddecoderinterface.obj
e:\code\project\ffmpegsdk\ffmpegsdk\libffmpegdec\x64\release\ffviddatadecoderobj.obj
e:\code\project\ffmpegsdk\ffmpegsdk\libffmpegdec\x64\release\ffmpegvidformatdatawrapper.obj
e:\code\project\ffmpegsdk\ffmpegsdk\libffmpegdec\x64\release\ffmpegvidrawdatawrapper.obj
e:\code\project\ffmpegsdk\ffmpegsdk\libffmpegdec\x64\release\ffmpegviddevdatawrapper.obj
e:\code\project\ffmpegsdk\ffmpegsdk\libffmpegdec\x64\release\ffmpegviddecoderwrapper.obj
e:\code\project\ffmpegsdk\ffmpegsdk\x64\release\libffmpegdec.lib
e:\code\project\ffmpegsdk\ffmpegsdk\x64\release\libffmpegdec.exp
e:\code\project\ffmpegsdk\ffmpegsdk\x64\release\libffmpegdec.dll
e:\code\project\ffmpegsdk\ffmpegsdk\x64\release\libffmpegdec.ipdb
e:\code\project\ffmpegsdk\ffmpegsdk\x64\release\libffmpegdec.iobj
e:\code\project\ffmpegsdk\ffmpegsdk\x64\release\libffmpegdec.pdb
e:\code\ssproject\ffmpegsdk\ffmpegsdk\libffmpegdec\x64\release\ffmpegviddecoderwrapper.obj
e:\code\ssproject\ffmpegsdk\ffmpegsdk\libffmpegdec\x64\release\ffmpegviddevdatawrapper.obj
e:\code\ssproject\ffmpegsdk\ffmpegsdk\libffmpegdec\x64\release\ffmpegvidformatdatawrapper.obj
e:\code\ssproject\ffmpegsdk\ffmpegsdk\libffmpegdec\x64\release\ffmpegvidrawdatawrapper.obj
e:\code\ssproject\ffmpegsdk\ffmpegsdk\libffmpegdec\x64\release\ffviddatadecoderobj.obj
e:\code\ssproject\ffmpegsdk\ffmpegsdk\libffmpegdec\x64\release\ffviddataobj.obj
e:\code\ssproject\ffmpegsdk\ffmpegsdk\libffmpegdec\x64\release\ffviddecoderinterface.obj
e:\code\ssproject\ffmpegsdk\ffmpegsdk\libffmpegdec\x64\release\ffviddecoderobj.obj
e:\code\ssproject\ffmpegsdk\ffmpegsdk\libffmpegdec\x64\release\hwviddecoderwrapper.obj
e:\code\ssproject\ffmpegsdk\ffmpegsdk\libffmpegdec\x64\release\swviddecoderwrapper.obj
e:\code\ssproject\ffmpegsdk\ffmpegsdk\libffmpegdec\x64\release\vc140.pdb
e:\code\ssproject\ffmpegsdk\ffmpegsdk\x64\release\libffmpegdec.pdb
e:\code\ssproject\ffmpegsdk\ffmpegsdk\x64\release\libffmpegdec.dll
e:\code\ssproject\ffmpegsdk\ffmpegsdk\libffmpegdec\x64\release\libffmpegdec.tlog\cl.command.1.tlog
e:\code\ssproject\ffmpegsdk\ffmpegsdk\libffmpegdec\x64\release\libffmpegdec.tlog\cl.read.1.tlog
e:\code\ssproject\ffmpegsdk\ffmpegsdk\libffmpegdec\x64\release\libffmpegdec.tlog\cl.write.1.tlog
e:\code\ssproject\ffmpegsdk\ffmpegsdk\libffmpegdec\x64\release\libffmpegdec.tlog\libffmpegdec.write.1u.tlog
e:\code\ssproject\ffmpegsdk\ffmpegsdk\libffmpegdec\x64\release\libffmpegdec.tlog\link.command.1.tlog
e:\code\ssproject\ffmpegsdk\ffmpegsdk\libffmpegdec\x64\release\libffmpegdec.tlog\link.read.1.tlog
e:\code\ssproject\ffmpegsdk\ffmpegsdk\libffmpegdec\x64\release\libffmpegdec.tlog\link.write.1.tlog
