    正在创建库 E:\code\project\ffmpegSdk\ffmpegSDK\Debug\libFFmpegSdk.lib 和对象 E:\code\project\ffmpegSdk\ffmpegSDK\Debug\libFFmpegSdk.exp
FFmpegVideoEncoderWrapper.obj : error LNK2019: 无法解析的外部符号 _av_log，该符号在函数 "protected: virtual short __thiscall CFFmpegVideoEncoderWrapper::FFmpegAddVidOutputStream(char const *)" (?FFmpegAddVidOutputStream@CFFmpegVideoEncoderWrapper@@MAEFPBD@Z) 中被引用
HWVideoEncoderWrapper.obj : error LNK2001: 无法解析的外部符号 _av_log
SWVideoEncoderWrapper.obj : error LNK2001: 无法解析的外部符号 _av_log
FFmpegVideoEncoderWrapper.obj : error LNK2019: 无法解析的外部符号 _av_log_set_level，该符号在函数 "protected: virtual short __thiscall CFFmpegVideoEncoderWrapper::FFmpegInitVideoEncodeParameter(struct FFVideoEncParam const *,char const *,enum AVPixelFormat)" (?FFmpegInitVideoEncodeParameter@CFFmpegVideoEncoderWrapper@@MAEFPBUFFVideoEncParam@@PBDW4AVPixelFormat@@@Z) 中被引用
FFmpegVideoEncoderWrapper.obj : error LNK2019: 无法解析的外部符号 _av_frame_alloc，该符号在函数 "protected: virtual short __thiscall CFFmpegVideoEncoderWrapper::FFmpegMallocAVFrameAndAVPacket(enum AVPixelFormat)" (?FFmpegMallocAVFrameAndAVPacket@CFFmpegVideoEncoderWrapper@@MAEFW4AVPixelFormat@@@Z) 中被引用
HWVideoEncoderWrapper.obj : error LNK2001: 无法解析的外部符号 _av_frame_alloc
FFmpegVideoEncoderWrapper.obj : error LNK2019: 无法解析的外部符号 _av_frame_free，该符号在函数 "protected: virtual void __thiscall CFFmpegVideoEncoderWrapper::FFmpegCloseVideoEncoder(void)" (?FFmpegCloseVideoEncoder@CFFmpegVideoEncoderWrapper@@MAEXXZ) 中被引用
HWVideoEncoderWrapper.obj : error LNK2001: 无法解析的外部符号 _av_frame_free
FFmpegVideoEncoderWrapper.obj : error LNK2019: 无法解析的外部符号 _av_frame_get_buffer，该符号在函数 "protected: virtual short __thiscall CFFmpegVideoEncoderWrapper::FFmpegMallocAVFrameAndAVPacket(enum AVPixelFormat)" (?FFmpegMallocAVFrameAndAVPacket@CFFmpegVideoEncoderWrapper@@MAEFW4AVPixelFormat@@@Z) 中被引用
FFmpegVideoEncoderWrapper.obj : error LNK2019: 无法解析的外部符号 _avcodec_alloc_context3，该符号在函数 "protected: virtual short __thiscall CFFmpegVideoEncoderWrapper::FFmpegInitVideoEncodeParameter(struct FFVideoEncParam const *,char const *,enum AVPixelFormat)" (?FFmpegInitVideoEncodeParameter@CFFmpegVideoEncoderWrapper@@MAEFPBUFFVideoEncParam@@PBDW4AVPixelFormat@@@Z) 中被引用
FFmpegVideoEncoderWrapper.obj : error LNK2019: 无法解析的外部符号 _avcodec_free_context，该符号在函数 "protected: virtual void __thiscall CFFmpegVideoEncoderWrapper::FFmpegCloseVideoEncoder(void)" (?FFmpegCloseVideoEncoder@CFFmpegVideoEncoderWrapper@@MAEXXZ) 中被引用
FFmpegVideoEncoderWrapper.obj : error LNK2019: 无法解析的外部符号 _avcodec_parameters_from_context，该符号在函数 "protected: virtual short __thiscall CFFmpegVideoEncoderWrapper::FFmpegWriteStreamHeader(char const *)" (?FFmpegWriteStreamHeader@CFFmpegVideoEncoderWrapper@@MAEFPBD@Z) 中被引用
FFmpegVideoEncoderWrapper.obj : error LNK2019: 无法解析的外部符号 _avcodec_open2，该符号在函数 "protected: virtual short __thiscall CFFmpegVideoEncoderWrapper::FFmpegOpenVideoEncoder(void)" (?FFmpegOpenVideoEncoder@CFFmpegVideoEncoderWrapper@@MAEFXZ) 中被引用
FFmpegVideoEncoderWrapper.obj : error LNK2019: 无法解析的外部符号 _av_packet_alloc，该符号在函数 "protected: virtual short __thiscall CFFmpegVideoEncoderWrapper::FFmpegMallocAVFrameAndAVPacket(enum AVPixelFormat)" (?FFmpegMallocAVFrameAndAVPacket@CFFmpegVideoEncoderWrapper@@MAEFW4AVPixelFormat@@@Z) 中被引用
FFmpegVideoEncoderWrapper.obj : error LNK2019: 无法解析的外部符号 _av_packet_free，该符号在函数 "protected: virtual void __thiscall CFFmpegVideoEncoderWrapper::FFmpegCloseVideoEncoder(void)" (?FFmpegCloseVideoEncoder@CFFmpegVideoEncoderWrapper@@MAEXXZ) 中被引用
FFmpegVideoEncoderWrapper.obj : error LNK2019: 无法解析的外部符号 _av_packet_unref，该符号在函数 "protected: virtual short __thiscall CFFmpegVideoEncoderWrapper::FFmpegEncodeOneFrame(unsigned char *,unsigned int &,struct AVFrame *,int &)" (?FFmpegEncodeOneFrame@CFFmpegVideoEncoderWrapper@@MAEFPAEAAIPAUAVFrame@@AAH@Z) 中被引用
FFmpegVideoEncoderWrapper.obj : error LNK2019: 无法解析的外部符号 _av_packet_rescale_ts，该符号在函数 "protected: virtual short __thiscall CFFmpegVideoEncoderWrapper::FFmpegWriteOutputPacket(void)" (?FFmpegWriteOutputPacket@CFFmpegVideoEncoderWrapper@@MAEFXZ) 中被引用
FFmpegVideoEncoderWrapper.obj : error LNK2019: 无法解析的外部符号 _avcodec_receive_packet，该符号在函数 "protected: virtual short __thiscall CFFmpegVideoEncoderWrapper::FFmpegEncodeOneFrame(unsigned char *,unsigned int &,struct AVFrame *,int &)" (?FFmpegEncodeOneFrame@CFFmpegVideoEncoderWrapper@@MAEFPAEAAIPAUAVFrame@@AAH@Z) 中被引用
FFmpegVideoEncoderWrapper.obj : error LNK2019: 无法解析的外部符号 _avcodec_find_encoder_by_name，该符号在函数 "protected: virtual short __thiscall CFFmpegVideoEncoderWrapper::FFmpegInitVideoEncodeParameter(struct FFVideoEncParam const *,char const *,enum AVPixelFormat)" (?FFmpegInitVideoEncodeParameter@CFFmpegVideoEncoderWrapper@@MAEFPBUFFVideoEncParam@@PBDW4AVPixelFormat@@@Z) 中被引用
FFmpegVideoEncoderWrapper.obj : error LNK2019: 无法解析的外部符号 _av_opt_set，该符号在函数 "protected: virtual short __thiscall CFFmpegVideoEncoderWrapper::FFmpegInitVideoEncodeParameter(struct FFVideoEncParam const *,char const *,enum AVPixelFormat)" (?FFmpegInitVideoEncodeParameter@CFFmpegVideoEncoderWrapper@@MAEFPBUFFVideoEncParam@@PBDW4AVPixelFormat@@@Z) 中被引用
SWVideoEncoderWrapper.obj : error LNK2001: 无法解析的外部符号 _av_opt_set
FFmpegVideoEncoderWrapper.obj : error LNK2019: 无法解析的外部符号 _avio_open，该符号在函数 "protected: virtual short __thiscall CFFmpegVideoEncoderWrapper::FFmpegWriteStreamHeader(char const *)" (?FFmpegWriteStreamHeader@CFFmpegVideoEncoderWrapper@@MAEFPBD@Z) 中被引用
FFmpegVideoEncoderWrapper.obj : error LNK2019: 无法解析的外部符号 _avio_closep，该符号在函数 "protected: virtual void __thiscall CFFmpegVideoEncoderWrapper::FFmpegCloseVideoEncoder(void)" (?FFmpegCloseVideoEncoder@CFFmpegVideoEncoderWrapper@@MAEXXZ) 中被引用
FFmpegVideoEncoderWrapper.obj : error LNK2019: 无法解析的外部符号 _avformat_free_context，该符号在函数 "protected: virtual void __thiscall CFFmpegVideoEncoderWrapper::FFmpegCloseVideoEncoder(void)" (?FFmpegCloseVideoEncoder@CFFmpegVideoEncoderWrapper@@MAEXXZ) 中被引用
FFmpegVideoEncoderWrapper.obj : error LNK2019: 无法解析的外部符号 _avformat_new_stream，该符号在函数 "protected: virtual short __thiscall CFFmpegVideoEncoderWrapper::FFmpegAddVidOutputStream(char const *)" (?FFmpegAddVidOutputStream@CFFmpegVideoEncoderWrapper@@MAEFPBD@Z) 中被引用
FFmpegVideoEncoderWrapper.obj : error LNK2019: 无法解析的外部符号 _av_stream_add_side_data，该符号在函数 "protected: virtual short __thiscall CFFmpegVideoEncoderWrapper::FFmpegWriteStreamHeader(char const *)" (?FFmpegWriteStreamHeader@CFFmpegVideoEncoderWrapper@@MAEFPBD@Z) 中被引用
FFmpegVideoEncoderWrapper.obj : error LNK2019: 无法解析的外部符号 _avformat_alloc_output_context2，该符号在函数 "protected: virtual short __thiscall CFFmpegVideoEncoderWrapper::FFmpegAddVidOutputStream(char const *)" (?FFmpegAddVidOutputStream@CFFmpegVideoEncoderWrapper@@MAEFPBD@Z) 中被引用
FFmpegVideoEncoderWrapper.obj : error LNK2019: 无法解析的外部符号 _avformat_write_header，该符号在函数 "protected: virtual short __thiscall CFFmpegVideoEncoderWrapper::FFmpegWriteStreamHeader(char const *)" (?FFmpegWriteStreamHeader@CFFmpegVideoEncoderWrapper@@MAEFPBD@Z) 中被引用
FFmpegVideoEncoderWrapper.obj : error LNK2019: 无法解析的外部符号 _av_interleaved_write_frame，该符号在函数 "protected: virtual short __thiscall CFFmpegVideoEncoderWrapper::FFmpegWriteOutputPacket(void)" (?FFmpegWriteOutputPacket@CFFmpegVideoEncoderWrapper@@MAEFXZ) 中被引用
FFmpegVideoEncoderWrapper.obj : error LNK2019: 无法解析的外部符号 _av_write_trailer，该符号在函数 "protected: virtual short __thiscall CFFmpegVideoEncoderWrapper::FFmpegWriteOutputPacket(void)" (?FFmpegWriteOutputPacket@CFFmpegVideoEncoderWrapper@@MAEFXZ) 中被引用
FFmpegVideoEncoderWrapper.obj : error LNK2019: 无法解析的外部符号 _av_guess_format，该符号在函数 "protected: virtual short __thiscall CFFmpegVideoEncoderWrapper::FFmpegAddVidOutputStream(char const *)" (?FFmpegAddVidOutputStream@CFFmpegVideoEncoderWrapper@@MAEFPBD@Z) 中被引用
FFmpegVideoEncoderWrapper.obj : error LNK2019: 无法解析的外部符号 _av_dump_format，该符号在函数 "protected: virtual short __thiscall CFFmpegVideoEncoderWrapper::FFmpegWriteStreamHeader(char const *)" (?FFmpegWriteStreamHeader@CFFmpegVideoEncoderWrapper@@MAEFPBD@Z) 中被引用
FFmpegVideoEncoderWrapper.obj : error LNK2019: 无法解析的外部符号 _av_sdp_create，该符号在函数 "protected: virtual short __thiscall CFFmpegVideoEncoderWrapper::FFmpegOpenVideoEncoder(void)" (?FFmpegOpenVideoEncoder@CFFmpegVideoEncoderWrapper@@MAEFXZ) 中被引用
HWVideoEncoderWrapper.obj : error LNK2019: 无法解析的外部符号 _av_buffer_ref，该符号在函数 "private: short __thiscall CHWVideoEncoderWrapper::FFmpegSetHwframeCtx(struct AVCodecContext *,struct AVBufferRef *)" (?FFmpegSetHwframeCtx@CHWVideoEncoderWrapper@@AAEFPAUAVCodecContext@@PAUAVBufferRef@@@Z) 中被引用
HWVideoEncoderWrapper.obj : error LNK2019: 无法解析的外部符号 _av_buffer_unref，该符号在函数 "private: void __thiscall CHWVideoEncoderWrapper::FFmpegFreeHWCtx(void)" (?FFmpegFreeHWCtx@CHWVideoEncoderWrapper@@AAEXXZ) 中被引用
HWVideoEncoderWrapper.obj : error LNK2019: 无法解析的外部符号 _av_hwdevice_ctx_create，该符号在函数 "private: short __thiscall CHWVideoEncoderWrapper::FFmpegSetHwCtxBeforeOpenVideoEncoder(enum AVHWDeviceType)" (?FFmpegSetHwCtxBeforeOpenVideoEncoder@CHWVideoEncoderWrapper@@AAEFW4AVHWDeviceType@@@Z) 中被引用
HWVideoEncoderWrapper.obj : error LNK2019: 无法解析的外部符号 _av_hwframe_ctx_alloc，该符号在函数 "private: short __thiscall CHWVideoEncoderWrapper::FFmpegSetHwframeCtx(struct AVCodecContext *,struct AVBufferRef *)" (?FFmpegSetHwframeCtx@CHWVideoEncoderWrapper@@AAEFPAUAVCodecContext@@PAUAVBufferRef@@@Z) 中被引用
HWVideoEncoderWrapper.obj : error LNK2019: 无法解析的外部符号 _av_hwframe_ctx_init，该符号在函数 "private: short __thiscall CHWVideoEncoderWrapper::FFmpegSetHwframeCtx(struct AVCodecContext *,struct AVBufferRef *)" (?FFmpegSetHwframeCtx@CHWVideoEncoderWrapper@@AAEFPAUAVCodecContext@@PAUAVBufferRef@@@Z) 中被引用
HWVideoEncoderWrapper.obj : error LNK2019: 无法解析的外部符号 _av_hwframe_get_buffer，该符号在函数 "private: short __thiscall CHWVideoEncoderWrapper::FFmpegMallocHWFrame(void)" (?FFmpegMallocHWFrame@CHWVideoEncoderWrapper@@AAEFXZ) 中被引用
HWVideoEncoderWrapper.obj : error LNK2019: 无法解析的外部符号 _av_hwframe_transfer_data，该符号在函数 "private: short __thiscall CHWVideoEncoderWrapper::FFmpegTransferHWFrame(void)" (?FFmpegTransferHWFrame@CHWVideoEncoderWrapper@@AAEFXZ) 中被引用
HWVideoEncoderWrapper.obj : error LNK2019: 无法解析的外部符号 _avcodec_send_frame，该符号在函数 "protected: virtual short __thiscall CHWVideoEncoderWrapper::FFmpegEncodeOneFrame(unsigned char *,unsigned int &,struct AVFrame *,int &)" (?FFmpegEncodeOneFrame@CHWVideoEncoderWrapper@@MAEFPAEAAIPAUAVFrame@@AAH@Z) 中被引用
SWVideoEncoderWrapper.obj : error LNK2001: 无法解析的外部符号 _avcodec_send_frame
HWVideoEncoderWrapper.obj : error LNK2019: 无法解析的外部符号 _av_opt_set_int，该符号在函数 "private: short __thiscall CHWVideoEncoderWrapper::FFmpegSetHwCtxBeforeOpenVideoEncoder(enum AVHWDeviceType)" (?FFmpegSetHwCtxBeforeOpenVideoEncoder@CHWVideoEncoderWrapper@@AAEFW4AVHWDeviceType@@@Z) 中被引用
SWVideoEncoderWrapper.obj : error LNK2001: 无法解析的外部符号 _av_opt_set_int
SWVideoEncoderWrapper.obj : error LNK2019: 无法解析的外部符号 _av_opt_set_double，该符号在函数 "private: virtual short __thiscall CSWVideoEncoderWrapper::FFmpegSetAttrBeforeOpenVideoEncoder(struct FFVideoEncParam const *)" (?FFmpegSetAttrBeforeOpenVideoEncoder@CSWVideoEncoderWrapper@@EAEFPBUFFVideoEncParam@@@Z) 中被引用
../lib\avformat.lib : warning LNK4272: 库计算机类型“x64”与目标计算机类型“X86”冲突
../lib\avutil.lib : warning LNK4272: 库计算机类型“x64”与目标计算机类型“X86”冲突
../lib\avcodec.lib : warning LNK4272: 库计算机类型“x64”与目标计算机类型“X86”冲突
../lib\swscale.lib : warning LNK4272: 库计算机类型“x64”与目标计算机类型“X86”冲突
../lib\avdevice.lib : warning LNK4272: 库计算机类型“x64”与目标计算机类型“X86”冲突
E:\code\project\ffmpegSdk\ffmpegSDK\Debug\libFFmpegSdk.dll : fatal error LNK1120: 38 个无法解析的外部命令
