e:\code\project\ffmpegsdk\ffmpegsdk\libffmpegsdk\win32\release\vc140.pdb
e:\code\project\ffmpegsdk\ffmpegsdk\libffmpegsdk\win32\release\swvidencoderwrapper.obj
e:\code\project\ffmpegsdk\ffmpegsdk\libffmpegsdk\win32\release\hwvidencoderwrapper.obj
e:\code\project\ffmpegsdk\ffmpegsdk\libffmpegsdk\win32\release\ffvidencoderobj.obj
e:\code\project\ffmpegsdk\ffmpegsdk\libffmpegsdk\win32\release\ffvidencoderinterface.obj
e:\code\project\ffmpegsdk\ffmpegsdk\libffmpegsdk\win32\release\ffvidencoderformatobj.obj
e:\code\project\ffmpegsdk\ffmpegsdk\libffmpegsdk\win32\release\ffmpegvidformatwrapper.obj
e:\code\project\ffmpegsdk\ffmpegsdk\libffmpegsdk\win32\release\ffmpegvidencoderwrapper.obj
e:\code\project\ffmpegsdk\ffmpegsdk\win32\release\libffmpegsdk.lib
e:\code\project\ffmpegsdk\ffmpegsdk\win32\release\libffmpegsdk.exp
e:\code\project\ffmpegsdk\ffmpegsdk\win32\release\libffmpegsdk.dll
e:\code\project\ffmpegsdk\ffmpegsdk\win32\release\libffmpegsdk.ipdb
e:\code\project\ffmpegsdk\ffmpegsdk\win32\release\libffmpegsdk.iobj
e:\code\project\ffmpegsdk\ffmpegsdk\win32\release\libffmpegsdk.pdb
e:\code\project\ffmpegsdk\ffmpegsdk\libffmpegsdk\win32\release\libffmpegsdk.tlog\cl.command.1.tlog
e:\code\project\ffmpegsdk\ffmpegsdk\libffmpegsdk\win32\release\libffmpegsdk.tlog\cl.read.1.tlog
e:\code\project\ffmpegsdk\ffmpegsdk\libffmpegsdk\win32\release\libffmpegsdk.tlog\cl.write.1.tlog
e:\code\project\ffmpegsdk\ffmpegsdk\libffmpegsdk\win32\release\libffmpegsdk.tlog\libffmpegsdk.write.1u.tlog
e:\code\project\ffmpegsdk\ffmpegsdk\libffmpegsdk\win32\release\libffmpegsdk.tlog\link.command.1.tlog
e:\code\project\ffmpegsdk\ffmpegsdk\libffmpegsdk\win32\release\libffmpegsdk.tlog\link.read.1.tlog
e:\code\project\ffmpegsdk\ffmpegsdk\libffmpegsdk\win32\release\libffmpegsdk.tlog\link.write.1.tlog
